<?xml version="1.0" encoding="UTF-8"?>
<!-- Generated by org.testng.reporters.JUnitReportReporter -->
<testsuite skipped="0" hostname="LAPTOP-TO6QKPPT" name="com.app.tests.Agittest" tests="1" failures="0" timestamp="16 Apr 2019 18:58:36 GMT" time="15.266" errors="0">
  <testcase name="test" time="15.266" classname="com.app.tests.Agittest"/>
</testsuite> <!-- com.app.tests.Agittest -->
