<?xml version="1.0" encoding="UTF-8"?>
<!-- Generated by org.testng.reporters.JUnitReportReporter -->
<testsuite skipped="0" hostname="LAPTOP-TO6QKPPT" name="fghj" tests="1" failures="0" timestamp="13 Apr 2019 03:06:41 GMT" time="0.015" errors="0">
  <testcase name="test" time="0.015" classname="fghj"/>
</testsuite> <!-- fghj -->
