<?xml version="1.0" encoding="UTF-8"?>
<!-- Generated by org.testng.reporters.JUnitReportReporter -->
<testsuite skipped="0" hostname="LAPTOP-TO6QKPPT" name="com.app.tests.GitLinks" tests="1" failures="0" timestamp="17 Apr 2019 03:17:49 GMT" time="5.943" errors="0">
  <testcase name="test" time="5.943" classname="com.app.tests.GitLinks"/>
</testsuite> <!-- com.app.tests.GitLinks -->
